training step losses
0.661458
0.182582
0.122411
0.230831
0.103271
0.152150
0.125915
0.127092
0.139078
0.120493
0.128780
0.105720
0.096361
0.148581
0.078225
0.131645
0.121927
0.081698
0.060990
0.127932
0.085484
0.117834
0.088329
0.098884
0.095019
0.089399
0.058642
0.124908
0.101712
0.069707
0.091284
0.103517
0.113160
0.092616
0.099065
0.093554
0.071484
0.108972
0.095936
0.114749
0.088782
0.083686
0.097282
0.098828
0.093111
0.082927
0.109603
0.086430
0.065220
0.087373
0.080533
0.094202
0.059740
0.116133
0.067228
0.110817
0.084382
0.080862
0.095149
0.064142
0.086635
0.095434
0.092818
0.090562
0.084102
0.082504
0.081346
0.089025
0.096258
0.064069
0.073593
0.104604
0.077720
0.078024
0.087755
0.061901
0.078326
0.082768
0.061785
0.109237
0.081810
0.085186
0.054311
0.085461
0.092269
0.070375
0.083488
0.071600
0.078022
0.066523
0.044944
0.087873
0.086460
0.049948
0.077923
0.078294
0.087220
0.075157
0.083172
0.072176
0.070299
0.082569
0.058580
0.085984
0.060641
0.100010
0.059747
0.045680
0.078302
0.042018
0.085325
0.062664
0.064428
0.049610
0.060503
0.086668
0.052810
0.096485
0.055063
0.082315
0.080386
0.084944
0.064446
0.098703
0.067217
0.090433
0.050739
0.099311
0.082443
0.104489
0.080482
0.086121
0.073028
0.154515
0.103420
0.092773
0.090135
0.083934
0.129315
0.072593
0.070034
0.121670
0.083744
0.076949
0.095419
0.067379
0.101118
0.063807
0.071194
0.080989
0.079365
0.105329
0.063808
0.070560
0.050548
0.114482
0.084066
0.066659
0.068129
0.067676
0.077158
0.069796
0.062466
0.080439
0.062053
0.086704
0.065983
0.078119
0.057042
0.042576
0.071499
0.081838
0.079101
0.071229
0.051415
0.067302
0.048517
0.069735
0.039330
0.064811
0.059013
0.052885
0.047064
0.063382
0.062169
0.063998
0.061872
0.066001
0.055505
0.063019
0.126458
0.125460
0.145610
0.095103
0.108151
0.102066
0.133579
0.064588
0.157299
0.069959
