training step losses
0.730262
0.221629
0.199319
0.170757
0.151161
0.145396
0.148756
0.133037
0.133182
0.127505
0.138111
0.132292
0.140789
0.128298
0.136279
0.138433
0.129443
0.139749
0.128642
0.129154
0.131902
0.131841
0.131301
0.132679
0.128485
0.130336
0.127537
0.139754
0.129551
0.135161
0.128483
0.127843
0.121356
0.128273
0.130287
0.130198
0.125481
0.134778
0.135646
0.133478
0.136683
0.130201
0.136332
0.137909
0.128428
0.123474
0.122291
0.123400
0.127384
0.125275
0.129537
0.125856
0.128354
0.124377
0.128015
0.120772
0.122604
0.130957
0.124425
0.124460
0.118682
0.128851
0.120301
0.117290
0.130451
0.125577
0.118264
0.126533
0.121567
0.117508
0.127525
0.119046
0.129488
0.117707
0.123197
0.130090
0.128565
0.129127
0.125989
0.120335
0.115493
0.121820
0.117951
0.126145
0.128148
0.119356
0.123434
0.124425
0.123023
0.125346
0.112820
0.117008
0.121722
0.118505
0.130852
0.119470
0.126210
0.118347
0.121994
0.121862
0.107263
0.131049
0.124833
0.128114
0.128132
0.127394
0.115847
0.120563
0.118963
0.132931
0.133454
0.133920
0.122340
0.132991
0.121851
0.122945
0.118868
0.118204
0.114536
0.113965
0.126545
0.112828
0.122936
0.128046
0.113720
0.113464
0.112275
0.126343
0.108809
0.117172
0.118202
0.126638
0.118079
0.115555
0.121143
0.114541
0.116637
0.110508
0.121070
0.112072
0.115148
0.105515
0.112578
0.116008
0.114128
0.120157
0.111716
0.112656
0.142682
0.168157
0.129730
0.128446
0.116274
0.118194
0.120639
0.129833
0.114852
0.115463
0.114938
0.110982
0.117145
0.122025
0.117821
0.120184
0.110253
0.119647
0.110718
0.112537
0.120254
0.114342
0.106710
0.107746
0.109229
0.104320
0.110177
0.109782
0.112585
0.110989
0.117137
0.114768
0.106297
0.116609
0.114273
0.122590
0.110491
0.109497
0.110234
0.114200
0.116001
0.109710
0.121044
0.116069
0.106701
0.108282
0.106337
0.106163
0.118304
0.118068
0.107087
0.105634
0.102225
0.110966
0.109829
0.108748
0.106068
0.108851
0.109354
0.116950
0.108121
0.115835
0.110228
0.106740
0.098976
0.102904
0.100228
0.108880
0.107692
0.108625
0.123171
0.118343
0.109725
0.124668
0.123207
0.122171
0.108580
0.107910
0.107766
0.102327
0.113931
0.101110
0.108409
0.097390
0.104851
0.099589
0.106409
0.112478
0.112921
0.135955
0.121607
0.115720
0.105657
0.101863
0.114444
0.101988
0.100713
0.105117
0.106922
0.105140
0.111377
0.103752
0.100745
0.099642
0.096825
0.104534
0.105369
0.110226
0.102489
0.105705
0.107157
0.101970
0.107210
0.109469
0.096416
0.100096
0.107253
0.104921
0.106127
0.106073
0.106598
0.101317
0.104092
0.109078
0.093887
0.098739
0.107287
0.122157
0.115621
0.108047
0.104287
0.104868
0.100673
0.099378
0.095300
0.095120
0.109169
0.098446
0.106293
0.104766
0.106227
0.097817
0.105274
0.097241
0.093632
0.096543
0.099929
0.097332
0.101445
0.095497
0.090115
0.092697
0.095678
0.101351
0.113946
0.118769
0.123501
0.112717
0.093733
0.108707
0.097345
0.104704
0.097701
0.100931
0.104229
0.092241
0.103595
0.103619
0.100733
0.099959
0.094671
0.092752
0.092118
0.081274
0.101515
0.092290
0.101628
0.092372
0.092298
0.092566
0.090771
0.094108
0.096169
0.097537
0.098755
0.106239
0.089674
0.103805
0.095734
0.091091
0.093689
0.093703
0.094916
0.097668
0.085331
0.091144
0.100488
0.092163
0.091864
0.097869
0.102264
0.101081
0.101831
0.101689
0.104424
0.099675
0.101966
0.099148
0.109958
0.095381
0.107213
0.096290
0.092998
0.087524
0.102823
0.104424
0.093905
0.093106
0.090024
0.093058
0.094136
0.088157
0.094672
0.100624
0.094063
0.088628
0.087746
0.086068
0.095935
0.089823
0.098986
0.105334
0.086091
0.091097
0.095593
0.092231
0.091462
0.087362
0.106988
0.098475
0.088808
0.091734
0.094114
0.085193
0.087195
0.088313
0.092891
0.095429
0.084516
0.089900
0.084721
0.090882
0.093960
0.093420
0.103465
0.105067
0.111150
0.091068
0.099316
0.095877
0.088008
0.095095
0.083450
0.093344
0.094572
0.090270
0.086608
0.098673
0.088829
0.090580
0.085504
0.093152
0.093418
0.083419
0.084896
0.094579
0.084345
0.080955
0.086296
0.098425
0.090114
0.111530
0.112621
0.095878
0.094298
0.087833
0.086721
0.090783
0.087313
0.088732
0.087416
0.082686
0.089815
0.092123
0.092754
0.082707
0.088058
0.086837
0.090124
0.097180
0.089588
0.091142
0.088963
0.097238
0.086683
0.086410
0.081566
0.091566
0.080049
0.085088
0.092771
0.090586
0.091010
0.091546
0.084447
0.089813
0.088633
0.085718
0.095067
0.086629
0.086678
0.086997
0.090578
0.088056
0.085442
0.102218
0.091240
0.097445
0.081334
0.078710
0.087070
0.083092
0.098946
0.085084
0.078371
0.085486
0.084475
0.075462
0.084783
0.083708
0.097802
0.092831
0.088352
0.089732
0.089616
0.094722
0.084451
0.086537
0.083250
0.082787
0.083812
0.088548
0.083919
0.087188
0.083563
0.087296
0.084354
0.081846
0.082126
0.082200
0.087705
0.081689
0.090058
0.105002
0.089815
0.088375
0.086679
0.080960
0.089094
0.087627
0.081211
0.075258
0.092282
0.087317
0.078003
0.082764
0.079320
0.090864
0.086097
0.082748
0.084782
0.086331
0.089721
0.089188
0.086847
0.093258
0.085016
0.085665
0.087529
0.080633
0.077103
0.089920
0.080623
0.083558
0.083904
0.081998
0.082379
0.081918
0.082283
0.085426
0.088339
0.084899
0.083354
0.085833
0.090119
0.078801
0.088785
0.087152
0.082711
0.079781
0.078193
0.079338
0.081307
0.084508
0.091838
0.086945
0.079002
0.090060
0.080118
0.085102
0.084469
0.076492
0.079773
0.095916
0.092957
0.101611
0.091425
0.085655
0.083955
0.078693
0.083719
0.081834
0.087799
0.083725
0.086727
0.077944
0.084020
0.083815
0.080739
0.079357
0.075877
0.081628
0.085955
0.085696
0.086295
0.085865
0.080047
0.076640
0.084477
0.085997
0.085292
0.074647
0.086754
0.080354
0.088566
0.080261
0.083807
0.083086
0.080577
0.084184
0.077299
0.081034
0.079917
0.085330
0.081580
0.082326
0.081823
0.081803
0.073966
0.074791
0.074949
0.080789
0.075941
0.070319
0.099244
0.083767
0.085642
0.087924
0.082532
0.085316
0.077752
0.075107
0.083338
0.081784
0.081574
0.076713
0.079928
0.084484
0.083632
0.085968
0.083885
0.074779
0.078481
0.077419
0.073892
0.081690
0.091469
0.077676
0.070199
0.083161
0.086030
0.079721
0.080196
0.086352
0.082204
0.079565
0.079239
0.073428
0.077675
0.079300
0.091319
0.081117
0.085019
0.085024
0.083260
0.075798
0.084022
0.079821
0.088988
0.082414
0.085486
0.079173
0.078786
0.078102
0.089046
0.077064
0.081210
0.073714
0.080357
0.079267
0.081128
0.080785
0.081206
0.076762
0.071407
0.077782
0.072372
0.070200
0.077216
0.094703
0.086413
0.086331
0.081872
0.079512
0.080206
0.079324
0.076255
0.073871
0.078535
0.077292
0.085550
0.091474
0.070297
0.083767
0.074043
0.078783
0.071499
0.071405
0.077894
0.078248
0.076826
0.077088
0.080249
0.074513
0.083676
0.078138
0.071075
0.073725
0.074670
0.090058
0.081411
0.080348
0.077582
0.073138
0.079247
0.072522
0.081860
0.083903
0.077317
0.077805
0.073488
0.079103
0.071409
0.077649
0.067764
0.080326
0.083409
0.076952
0.082729
0.081660
0.078146
0.091151
0.079574
0.072374
0.087978
0.074600
0.073843
0.086670
0.075181
0.076771
0.067201
0.079770
0.090378
0.094359
0.096584
0.095629
0.077122
0.081164
0.083650
0.082108
0.082725
0.074056
0.079668
0.072974
0.085030
0.081342
0.075339
0.073509
0.077070
0.084026
0.068924
0.071875
0.081141
0.082003
0.075910
0.082244
0.080005
0.079823
0.079666
0.078127
0.082016
0.080980
0.072401
0.085010
0.080723
0.072934
0.074017
0.076242
0.077583
0.071768
0.072018
0.084130
0.073609
0.072977
0.076781
0.073227
0.068448
0.083103
0.077665
0.070245
0.078758
0.074401
0.077433
0.070852
0.085408
0.088248
0.079814
0.086244
0.079208
0.073697
0.075920
0.079021
0.076852
0.073222
0.076009
0.078265
0.082652
0.075654
0.080090
0.083698
0.071704
0.074418
0.071045
0.067156
0.078576
0.073040
0.080660
0.062035
0.071792
0.077646
0.087313
0.071675
0.076582
0.086987
0.074293
0.076829
0.076653
0.088726
0.082221
0.072970
0.077572
0.075870
0.079357
0.084453
0.075587
0.073261
0.072977
0.069387
0.064613
0.072162
0.079105
0.072938
0.077254
0.074324
0.075465
0.069706
0.078074
0.067796
0.070693
0.068931
0.065395
0.067174
0.083232
0.078539
0.069096
0.078569
0.085177
0.080396
0.074412
0.070828
0.079906
0.076075
0.076271
0.082378
0.073000
0.080255
0.073596
0.076506
0.075472
0.083924
0.077276
0.079707
0.074443
0.073798
0.075706
0.086957
0.081137
0.084165
0.076356
0.072724
0.070643
0.072044
0.071245
0.080098
0.075794
0.076160
0.073476
0.070023
0.076844
0.069540
0.073525
0.071323
0.072716
0.071914
0.069118
0.080205
0.072297
0.070117
0.072546
0.071295
0.071917
0.071838
0.071650
0.072437
0.070216
0.076984
0.067995
0.070467
0.074416
0.074861
0.078335
0.069917
0.077006
0.077671
0.073668
0.073883
0.072706
0.070944
0.078313
0.066251
0.077193
0.074641
0.083837
0.073013
0.075735
0.073646
0.075169
0.083288
0.076850
0.073203
0.067461
0.075386
0.071306
0.077717
0.080440
0.067873
0.066313
0.074281
0.072910
0.071276
0.078607
0.082710
0.073925
0.080089
0.074824
0.073848
0.077889
0.078939
0.079847
0.077532
0.074983
0.087949
0.076015
0.074810
0.078154
0.078626
0.075306
0.070592
0.073415
0.069642
0.079403
0.067620
0.080390
0.071474
0.070076
0.065596
0.074145
0.075453
0.081161
0.077116
0.069111
0.080601
0.069344
0.068730
0.073140
0.071195
0.068031
0.068513
0.069612
0.073028
0.068621
0.082757
0.067006
0.069266
0.076706
0.069007
0.075056
0.076680
0.076773
0.079235
0.071616
0.080819
0.079428
0.066285
0.070443
0.075929
0.066179
0.062763
0.074059
0.077142
0.071858
0.075037
0.073014
0.078935
0.074975
0.071290
0.079333
0.071622
0.080745
0.072152
0.075851
0.075915
0.074873
0.071187
0.071436
0.067570
0.072205
0.065133
0.074726
0.071526
0.073941
0.066517
0.068080
0.074841
0.074402
0.070513
0.070138
0.072009
0.068314
0.074676
0.070827
0.071024
0.077037
0.080887
0.074286
0.070694
0.079856
0.070546
0.070437
0.072359
0.065526
0.074844
0.076667
0.065663
0.075461
0.072753
0.085539
0.073735
0.074704
0.067398
0.075745
0.073189
0.071626
0.076221
0.069378
0.078672
0.068998
0.073484
0.074274
0.066511
0.063173
0.075358
0.074344
0.072247
0.073280
0.075347
0.070108
0.069505
0.076480
0.070884
0.074164
0.082224
0.067547
0.063799
0.067113
0.082729
0.080858
0.070949
0.071592
0.076824
0.074845
0.077295
0.074692
0.069887
0.068406
0.070661
0.072707
0.067411
0.072598
0.065451
0.071358
0.071245
0.072208
0.077178
0.065078
0.083334
0.080111
0.073484
0.077137
0.069811
0.073964
0.071225
0.082042
0.079518
0.072951
0.065562
0.072834
0.071456
0.068940
0.069035
0.079514
0.074807
0.075993
0.068117
0.080206
0.066331
0.073999
0.071013
0.066503
0.067721
0.071876
0.066404
0.069456
0.066991
0.060592
0.071649
0.066961
0.074577
0.074351
0.070809
0.075628
0.071735
0.078362
0.071989
0.077834
0.067728
0.070868
0.070634
0.064748
0.073343
0.074049
0.076813
0.082075
0.074898
0.073437
0.067061
0.073393
0.072877
0.072567
0.071190
0.075784
0.072615
0.066431
0.070604
0.068924
0.071792
0.071652
0.086762
0.064976
0.073988
0.074855
0.067455
0.066579
0.066526
0.078926
0.073531
0.069816
0.070081
0.072815
0.074943
0.064186
0.074622
0.072187
0.065065
0.074918
0.062987
0.070697
0.063918
0.070497
0.074485
0.082690
0.059824
0.070882
0.070192
0.069373
0.080506
0.071691
0.073788
0.067606
0.071187
0.071123
0.068273
0.070044
0.067575
0.074614
0.079839
0.076482
0.072420
0.066468
0.075246
0.070585
0.075923
0.070528
0.075143
0.073529
0.070864
0.071402
0.065189
0.078487
0.066837
0.070054
0.067032
0.070902
0.075395
0.070871
0.071496
0.071239
0.070525
0.067801
0.070018
0.060263
0.074892
0.068388
0.075362
0.069125
0.074102
0.070615
0.078630
0.077755
0.076075
0.068929
0.073265
0.071994
0.067332
0.071716
0.069699
0.061752
0.073094
0.072795
0.072618
0.069093
0.070053
0.074150
0.069295
0.065269
0.075279
0.065475
0.069917
0.067664
0.065504
0.069199
0.071368
0.067693
0.073386
0.062855
0.078046
0.069968
0.066140
0.053695
0.076798
0.073782
0.071986
0.076919
0.073644
0.068501
0.068125
0.078928
0.069751
0.083046
0.071255
0.069546
0.070595
0.067808
0.067223
0.069020
0.070122
0.070035
0.076850
0.069709
0.071855
0.073675
0.070027
0.076227
0.074556
0.075889
0.065176
0.070059
0.061545
0.074696
0.066331
0.076813
0.068098
0.070432
0.067703
0.066911
0.066630
0.071423
0.060900
0.071014
0.060513
0.069883
0.061494
0.064484
0.074703
0.077071
0.068847
0.071630
0.066450
0.073057
0.075178
0.069713
0.065148
0.065317
0.068631
0.070070
0.066645
0.064287
0.068102
0.075285
0.070496
0.063616
0.066177
0.072934
0.075701
0.070393
0.072979
0.073435
0.073598
0.072196
0.064599
0.067221
0.069914
0.066063
0.066173
0.066962
0.070606
0.064209
0.070077
0.067484
0.063159
0.070623
0.071075
0.062934
0.072255
0.063941
0.062950
0.066562
0.068844
0.061717
0.074737
0.071363
0.071332
0.070842
0.065153
0.074594
0.076057
0.075322
0.073037
0.071600
0.073683
0.070129
0.070747
0.065245
0.062233
0.072661
0.076189
0.070546
0.082095
0.073843
0.069490
0.073888
0.068590
0.072423
0.064286
0.072238
0.064014
0.066813
0.070491
0.067480
0.065811
0.072444
0.070228
0.069498
0.069839
0.067965
0.062502
0.064350
0.072096
0.072771
0.068945
0.072157
0.075937
0.071303
0.078258
0.065882
0.071827
0.069667
0.073087
0.066433
0.069634
0.063782
0.074749
0.068051
0.070135
0.064849
0.066935
0.058440
0.071818
0.068432
0.077907
0.064014
0.066816
0.071109
0.072001
0.063063
0.061268
0.063494
0.070489
0.064386
0.068627
0.070168
0.065180
0.063807
0.072866
0.065356
0.070453
0.067112
0.061898
0.061100
0.070064
0.069852
0.070978
0.068337
0.073014
0.067072
0.066255
0.071031
0.069137
0.067027
0.072935
0.062677
0.071413
0.061835
0.071581
0.071051
0.065303
0.070558
0.065373
0.077001
0.075298
0.067978
0.069987
0.076397
0.062896
0.064935
0.066543
0.063624
0.061456
0.060656
0.067973
0.063979
0.071906
0.065509
0.069388
0.072263
0.063250
0.076892
0.077433
0.066027
0.080075
0.080478
0.074054
0.064422
0.071990
0.067724
0.078488
0.064395
0.070070
0.063701
0.071834
0.069020
0.059794
0.076105
0.070790
0.064967
0.065164
0.073551
0.069299
0.072566
0.065184
0.066717
0.060305
0.071568
0.067466
0.066451
0.056824
0.065652
0.059385
0.074137
0.064087
0.072716
0.064116
0.070635
0.069610
0.067979
0.063805
0.074770
0.061752
0.063336
0.069886
0.072277
0.069412
0.056694
0.065025
0.058720
0.068950
0.063579
0.063928
0.077181
0.076816
0.075616
0.057443
0.064262
0.066978
0.067803
0.066623
0.072347
0.076684
0.068670
0.066427
0.066604
0.063333
0.062952
0.065414
0.064096
0.065885
0.069004
0.075759
0.076831
0.069993
0.078235
0.072889
0.066097
0.076362
0.068615
0.075165
0.059352
0.071299
0.067035
0.066576
0.061285
0.068781
0.054704
0.070843
0.061528
0.071111
0.069102
0.067186
0.066927
0.068011
0.079322
0.064683
0.072597
0.065150
0.066034
0.068242
0.069585
0.060126
0.064110
0.069815
0.076194
0.079168
0.072081
0.067670
0.066617
0.064716
0.067289
0.063601
0.066554
0.080272
0.071129
0.072092
0.065960
0.069725
0.066753
0.063337
0.067495
0.064769
0.056615
0.072400
0.063493
0.059666
0.066096
0.063381
0.062151
0.066394
0.069288
0.072462
0.069684
0.067345
0.069866
0.064572
0.073569
0.072198
0.072981
0.067119
0.068072
0.068822
0.061621
0.059597
0.065370
0.067394
0.071189
0.065991
0.065417
0.063864
0.064247
0.074023
0.068419
0.068311
0.062898
0.071784
0.063732
0.062977
0.057301
0.064814
0.069442
0.063718
0.067391
0.061157
0.069827
0.073271
0.060353
0.063475
0.071322
0.062883
0.066754
0.072091
0.060418
0.064330
0.060110
0.077065
0.056891
0.063742
0.062460
0.062416
0.067306
0.080807
0.067327
0.068106
0.065203
0.076867
0.069157
0.060817
0.065733
0.072511
0.064198
0.064681
0.060323
0.062506
0.063716
0.068669
0.059420
0.055176
0.065777
0.061053
0.066045
0.066271
0.064913
0.064561
0.073016
0.067982
0.065604
0.070091
0.070099
0.066357
0.071445
0.067578
0.069446
0.063815
0.066365
0.068158
0.063312
0.076068
0.064415
0.065247
0.059443
0.062769
0.061049
0.068314
0.062089
0.061327
0.066102
0.066654
0.059643
0.064400
0.076535
0.072265
0.074048
0.078274
0.059745
0.069590
0.063434
0.065365
0.063890
0.061352
0.065538
0.062817
0.070555
0.066840
0.062173
0.060152
0.067651
0.063389
0.070197
0.072411
0.066725
0.072101
0.067451
0.065912
0.068640
0.066821
0.070565
0.070064
0.065719
0.063081
0.066299
0.068805
0.061227
0.064055
0.062019
0.059076
0.074797
0.072046
0.061264
0.069198
0.068779
0.057682
0.064555
0.064785
0.068704
0.066562
0.065365
0.065180
0.062562
0.061302
0.057935
0.063683
0.066230
0.064288
0.061474
0.058505
0.061548
0.063499
0.071105
0.062534
0.061124
0.065495
0.066819
0.058723
0.058205
0.071446
0.069285
0.058747
0.069944
0.066393
0.059767
0.065757
0.062628
0.065979
0.063366
0.073743
0.061881
0.062373
0.062533
0.058361
0.068088
0.064577
0.074570
0.064378
0.065293
0.060292
0.067543
0.064507
0.057318
0.070877
0.068716
0.059359
0.061335
0.065576
0.056438
0.065403
0.067719
0.072012
0.067603
0.061748
0.069545
0.060637
0.068213
0.067406
0.068155
0.071396
0.064213
0.064489
0.063330
0.075105
0.066461
0.052188
0.057044
0.060461
0.063065
0.066535
0.058292
0.065417
0.065462
0.068766
0.066528
0.063946
0.065526
0.071167
0.062615
0.068679
0.066814
0.065195
0.060194
0.061845
0.067410
0.059976
0.061759
0.066511
0.063073
0.061898
0.058522
0.059232
0.062246
0.058398
0.076591
0.073839
0.062615
0.063975
0.056389
0.065553
0.073494
0.074002
0.058451
0.066865
0.062477
0.077848
0.066978
0.062634
0.061197
0.057869
0.070487
0.066008
0.068022
0.063212
0.068079
0.065614
0.073275
0.071124
0.071750
0.070072
0.061824
0.068967
0.053126
0.062207
0.062427
0.062495
0.057181
0.059894
0.072381
0.066998
0.066314
0.069436
0.065042
0.064467
0.061187
0.065659
0.060250
0.068558
0.068353
0.075079
0.072638
0.067654
0.067866
0.067936
0.065982
0.060197
0.063534
0.061486
0.064071
0.063585
0.058803
0.070725
0.062727
0.062852
0.063737
0.061842
0.064184
0.064824
0.061400
0.070747
0.063144
0.054153
0.064431
0.064443
0.062712
0.072265
0.070518
0.062516
0.060084
0.066682
0.060619
0.064913
0.063908
0.065906
0.059789
0.064382
0.065703
0.065631
0.067770
0.068705
0.063260
0.062761
0.060913
0.061931
0.066218
0.067762
0.059484
0.069135
0.061126
0.057794
0.070498
0.057282
0.063109
0.072932
0.061526
0.065642
0.056319
0.065877
0.056799
0.061917
0.067506
0.060030
0.068489
0.065914
0.067542
0.062816
0.068405
0.059440
0.059190
0.061947
0.055409
0.060350
0.060825
0.065713
0.067404
0.065908
0.067833
0.065144
0.062527
0.061392
0.062592
0.063385
0.059946
0.065351
0.068232
0.066505
0.066343
0.066563
0.076748
0.068837
0.064947
0.061509
0.059521
0.061393
0.065590
0.056314
0.061080
0.067646
0.078821
0.066098
0.062549
0.061205
0.062013
0.070209
0.065417
0.061943
0.062700
0.069230
0.054687
0.057590
0.069442
0.062751
0.061991
0.067580
0.066141
0.061882
0.066692
0.066494
0.063306
0.061591
0.057365
0.056453
0.069716
0.060362
0.066815
0.060519
0.064106
0.062927
0.065256
0.062083
0.062409
0.061405
0.063542
0.059656
0.066418
0.066101
0.068045
0.063226
0.064173
0.064487
0.060919
0.059712
0.069558
0.065064
0.055973
0.063964
0.065409
0.065771
0.063545
0.059620
0.061963
0.065172
0.056993
0.057086
0.061396
0.059719
0.057873
0.066088
0.059468
0.056458
0.060672
0.064025
0.067200
0.053746
0.061966
0.054360
0.067718
0.062244
0.065326
0.065598
0.058924
0.064037
0.073707
0.058365
0.058636
0.058199
0.073959
0.066737
0.065741
0.064986
0.067197
0.062816
0.067389
0.065829
0.062856
0.060717
0.056612
0.063981
0.066003
0.065478
0.064407
0.063674
0.067170
0.054761
0.064508
0.058849
0.062647
0.058050
0.059726
0.063439
0.061374
0.068284
0.056410
0.065605
0.058219
0.057463
0.065930
0.062440
0.064433
0.065739
0.063514
0.065371
0.058679
0.064198
0.071425
0.057213
0.065096
0.064778
0.064330
0.055938
0.062245
0.079183
0.067992
0.060875
0.061851
0.060177
0.063552
0.061353
0.074823
0.065828
0.062913
0.070844
0.055513
0.067321
0.065308
0.063988
0.064256
0.054096
0.068899
0.059637
0.059344
0.066465
0.054964
0.059084
0.073711
0.070353
0.052346
0.069153
0.058622
0.062535
0.061673
0.066843
0.071270
0.067840
0.068222
0.059435
0.058885
0.060557
0.065543
0.064187
0.057341
0.065582
0.062985
0.062810
0.063305
0.060972
0.058776
0.063242
0.065046
0.062931
0.069362
0.071135
0.072704
0.057229
0.063040
0.059067
0.061495
0.056527
0.059728
0.060179
0.062922
0.071496
0.063038
0.060905
0.054060
0.067589
0.067257
0.068565
0.069186
0.059990
0.060478
0.071277
0.075560
0.069399
0.060102
0.059944
0.066871
0.057522
0.057973
0.061993
0.067850
0.065114
0.054778
0.061328
0.057135
0.060537
0.064456
0.068586
0.061524
0.065489
0.068775
0.061973
0.062885
0.066979
0.052890
0.058349
0.062979
0.065034
0.063844
0.058178
0.068384
0.058539
0.063779
0.055829
0.060974
0.053728
0.061713
0.057457
0.066298
0.057230
0.057731
0.066574
0.059880
0.057514
0.061368
0.064641
0.053197
0.060087
0.056447
0.059054
0.061656
0.071020
0.069758
0.058926
0.062847
0.065124
0.060626
0.054947
0.065545
0.073563
0.055835
0.060710
0.072088
0.058592
0.060157
0.064687
0.065699
0.064918
0.062117
0.060675
0.064488
0.063345
0.056996
0.063102
0.062435
0.064232
0.066919
0.058333
0.070351
0.068055
0.064101
0.066830
0.065761
0.060346
0.051373
0.062503
0.059927
0.061633
0.068696
0.053614
0.069551
0.067689
0.066154
0.060571
0.062864
0.059371
0.065509
0.055579
0.063282
0.059218
0.057819
0.053760
0.059676
0.057571
0.061987
0.069953
0.056529
0.067284
0.059197
0.058867
0.069000
0.063015
0.072905
0.058785
0.066479
0.056621
0.059960
0.062622
0.057268
0.059462
0.054955
0.053255
0.068447
0.058343
0.062164
0.067296
0.057800
0.061083
0.061720
0.063918
0.058763
0.069192
0.057554
0.068077
0.061891
0.055918
0.061894
0.064496
0.058462
0.059550
0.059875
0.059392
0.067322
0.058994
0.058591
0.062745
0.065796
0.055108
0.061858
0.060327
0.065465
0.074258
0.086578
0.090657
0.102652
0.074362
0.067465
0.079744
0.071311
0.077754
0.071814
0.077721
0.069276
0.064551
0.063047
0.065085
0.061397
0.062107
0.062759
0.065027
0.065834
0.065376
0.060352
0.060539
0.068927
0.057928
0.065724
0.060735
0.055080
0.067769
0.067655
0.066226
0.056209
0.062157
0.061240
0.069436
0.060617
0.057086
0.056892
0.058910
0.063218
0.063159
0.064954
0.056268
0.057776
0.061414
0.059963
0.066521
0.068666
0.065425
0.062323
0.064435
0.059845
0.056344
0.061591
0.062160
0.067001
0.055495
0.058390
0.059715
0.072822
0.066286
0.065287
0.061753
0.071632
0.060777
0.062745
0.056997
0.062612
0.058046
0.064509
0.058221
0.060918
0.059304
0.067570
0.054857
0.064823
0.071576
0.066319
0.065985
0.056578
0.063093
0.066055
0.058235
0.060360
0.061437
0.063813
0.064643
0.062538
0.067634
0.060703
0.064244
0.059092
0.064734
0.057584
0.063523
0.058610
0.057175
0.057291
0.057405
0.070156
0.057438
0.062343
0.059769
0.056862
0.057724
0.061638
0.065939
0.058795
0.065068
0.062776
0.065659
0.062392
0.058783
0.060790
0.067668
0.059588
0.051879
0.064933
0.053771
0.060594
0.067799
0.057098
0.058093
0.058601
0.061312
0.064286
0.055604
0.056166
0.068651
0.071722
0.063452
0.058424
0.057746
0.060114
0.064900
0.061405
0.055607
0.053807
0.053102
0.056840
0.067467
0.060121
0.063193
0.063383
0.061723
0.057526
0.059431
0.053173
0.059177
0.057296
0.062519
0.065339
0.066317
0.063915
0.059646
0.053957
0.062982
0.060517
0.063143
0.063728
0.064969
0.065765
0.065335
0.061734
0.055424
0.053131
0.060625
0.061740
0.062290
0.061121
0.055468
0.055289
0.061358
0.061864
0.067399
0.059628
0.058712
0.061887
0.055972
0.056215
0.049109
0.061983
0.069446
0.060002
0.064488
0.070909
0.062427
0.065218
0.057584
0.065028
0.064441
0.062799
0.059395
0.068398
0.055034
0.058507
0.056641
0.067388
0.066445
0.058436
0.068777
0.061782
0.068239
0.062439
0.060219
0.066721
0.060458
0.057675
0.067479
0.061284
0.056531
0.057045
0.056291
0.059759
0.060420
0.060268
0.059990
0.065413
0.060380
0.056421
0.063446
0.053803
0.063002
0.057900
0.059916
0.063358
0.062676
0.067334
0.070937
0.061005
0.052958
0.062384
0.055646
0.058865
0.059956
0.061366
0.059976
0.061040
0.060604
0.063775
0.057781
0.058558
0.054538
0.053741
0.059170
0.055909
0.060271
0.055545
0.057981
0.058112
0.060785
0.054046
0.055721
0.072136
0.066702
0.071192
0.056833
0.063201
0.058430
0.062278
0.059916
0.054344
0.057526
0.059094
0.060303
0.054149
0.059722
0.060671
0.064318
0.057583
0.058255
0.060371
0.067497
0.058950
0.068181
0.060965
0.062360
0.054740
0.060210
0.061913
0.057276
0.056518
0.063370
0.064718
0.053365
0.059724
0.060372
0.064862
0.064465
0.057961
0.072043
0.063475
0.067725
0.055556
0.059691
0.065799
0.057217
0.056268
0.057338
0.063401
0.067456
0.058736
0.063210
0.059509
0.057997
0.064539
0.066308
0.057432
0.055275
0.061909
0.051824
0.059453
0.055120
0.057642
0.063641
0.060337
0.062100
0.061482
0.056770
0.060682
0.067270
0.060463
0.067057
0.058811
0.056323
0.063048
0.065920
0.062436
0.061189
0.059359
0.055312
0.062962
0.057766
0.054665
0.057515
0.061345
0.053671
0.052787
0.053812
0.061069
0.059670
0.057943
0.057706
0.056204
0.060148
0.057421
0.058733
0.058564
0.058578
0.057842
0.063629
0.057499
0.055182
0.054686
0.057356
0.062660
0.071270
0.057379
0.064247
0.057820
0.056752
0.053766
0.059730
0.070001
0.056385
0.061180
0.063322
0.055791
0.063830
0.062878
0.066667
0.058986
0.055916
0.053792
0.067240
0.062907
0.065587
0.065957
0.064394
0.065464
0.064259
0.057021
0.055794
0.056168
0.056131
0.063145
0.053665
0.059392
0.054179
0.059293
0.054722
0.059579
0.055502
0.058731
0.058149
0.056620
0.060281
0.053067
0.061785
0.057004
0.059290
0.058611
0.056194
0.055880
0.070666
0.062889
0.058672
0.062384
0.055192
0.056081
0.066218
0.063383
0.071578
0.073045
0.051316
0.056514
0.055847
0.066044
0.059818
0.069160
0.059237
0.066314
0.063227
0.062961
0.063868
0.065423
0.059765
0.055453
0.049168
0.069480
0.054872
0.061160
0.059340
0.055571
0.066749
0.063836
0.054781
0.059004
0.055163
0.053873
0.058573
0.055414
0.051035
0.057667
0.072216
0.055225
0.051866
0.058804
0.058158
0.059475
0.063887
0.062062
0.061255
0.059019
0.067653
0.056639
0.065817
0.052284
0.059852
0.067264
0.057057
0.060820
0.057255
0.062249
0.062068
0.059504
0.059357
0.055559
0.048680
0.053349
0.056405
0.062931
0.051127
0.059407
0.068282
0.054756
0.049864
0.062484
0.061684
0.060601
0.058241
0.058942
0.055370
0.053854
0.053718
0.057696
0.067290
0.064424
0.051900
0.071530
0.064037
0.065023
0.069083
0.060650
0.063579
0.062509
0.057689
0.065512
0.057564
0.053422
0.054504
0.061282
0.061645
0.058682
0.058915
0.064630
0.064531
0.061217
0.057604
0.060374
0.055529
0.064297
0.061041
0.063740
0.067508
0.060855
0.059322
0.057358
0.055698
0.068661
0.062704
0.064820
0.056794
0.064804
0.054622
0.064267
0.057068
0.059801
0.058356
0.056678
0.062024
0.061465
0.060711
0.061607
0.050099
0.057097
0.062719
0.065336
0.060171
0.061888
0.056109
0.063072
0.056205
0.061053
0.049585
0.059050
0.058642
0.065227
0.060675
0.054741
0.059288
0.069369
0.063972
0.072464
0.053136
0.075363
0.054992
0.056597
0.056470
0.057890
0.056742
0.055573
0.057743
0.061705
0.056255
0.049641
0.054322
0.062229
0.060702
0.057150
0.060688
0.054646
0.059893
0.055878
0.057726
0.057371
0.061853
0.062163
0.063734
0.060524
0.055705
0.063968
0.057318
0.059954
0.058246
0.058756
0.055527
0.061947
0.052822
0.059199
0.063359
0.062344
0.056954
0.058057
0.052066
0.063812
0.060187
0.056786
0.061113
0.057611
0.057751
0.064388
0.057150
0.059002
0.062599
0.056356
0.056635
0.054218
0.058013
0.057902
0.061083
0.061363
0.061557
0.057975
0.059946
0.060580
0.064055
0.059264
0.062613
0.059099
0.071429
0.054460
0.059557
0.062679
0.058469
0.060502
0.054169
0.063129
0.063362
0.051427
0.058565
0.068762
0.063640
0.053160
0.056705
0.057976
0.058301
0.057717
0.062111
0.064926
0.059895
0.059551
0.059551
0.055307
0.060486
0.059480
0.060366
0.054213
0.060857
0.059807
0.063818
0.057968
0.061020
0.057768
0.055399
0.063567
0.051584
0.062367
0.067819
0.058898
0.058777
0.050285
0.056429
0.059836
0.052904
0.061905
0.058377
0.061679
0.055996
0.056605
0.068000
0.065198
0.057755
0.058128
0.060957
0.063703
0.063679
0.052527
0.052317
0.050499
0.064833
0.056765
0.059004
0.059164
0.066636
0.058785
0.052832
0.060519
0.055429
0.062636
0.062530
0.056437
0.058736
0.060626
0.059790
0.054346
0.061296
0.058646
0.061996
0.062432
0.056217
0.056970
0.054025
0.062424
0.058228
0.068277
0.052017
0.053463
0.065148
0.063345
0.072113
0.062181
0.063570
0.059544
0.049974
0.055879
0.064282
0.062363
0.065460
0.067270
0.052795
0.064765
0.057570
0.057338
0.057270
0.059183
0.052838
0.066258
0.055771
0.056490
0.066213
0.068656
0.060902
0.051597
0.055878
0.049568
0.067769
0.058509
0.067314
0.050190
0.058266
0.057382
0.060520
0.056370
0.055290
0.059386
0.057181
0.059990
0.059749
0.058674
0.061583
0.061158
0.059199
0.048854
0.056360
0.057564
0.054406
0.059914
0.053631
0.060254
0.047080
0.058152
0.059823
0.060485
0.055785
0.058204
0.056180
0.058945
0.059293
0.070158
0.060327
0.054330
0.053253
0.060433
0.052996
0.062503
0.063207
0.061916
0.056430
0.058992
0.058353
0.053232
0.062959
0.055962
0.061928
0.057487
0.052743
0.062965
0.063871
0.056900
0.052162
0.061313
0.056661
0.066284
0.051750
0.060845
0.057970
0.055443
0.055753
0.058734
0.063938
0.058372
0.057450
0.059997
0.059978
0.061626
0.057967
0.058222
0.063999
0.056533
0.060116
0.063319
0.067849
0.058075
0.054586
0.049619
0.050301
0.052820
0.059679
0.058761
0.058280
0.061608
0.058784
0.057945
0.059061
0.051613
0.071118
0.059819
0.058204
0.067069
0.065883
0.053625
0.060243
0.054830
0.056486
0.059547
0.065981
0.054961
0.059573
0.060164
0.056431
0.053766
0.054353
0.053460
0.059393
0.049851
0.058842
0.056183
0.049879
0.054755
0.064172
0.058035
0.059435
0.053361
0.058470
0.068141
0.057710
0.062218
0.060269
0.057386
0.066485
0.060877
0.062986
0.066443
0.057882
0.055309
0.057787
0.057637
0.052248
0.057914
0.055795
0.051449
0.056639
0.053164
0.056599
0.057676
0.062109
0.070258
0.053290
0.056319
0.063707
0.058032
0.054967
0.060614
0.056066
0.063844
0.067058
0.058165
0.058050
0.051968
0.057517
0.054067
0.058121
0.062025
0.051604
0.053870
0.059112
0.050726
0.053137
0.058413
0.054057
0.065289
0.058248
0.050219
0.061974
0.060041
0.053480
0.055609
0.056554
0.056745
0.050522
0.054567
0.058383
0.059290
0.062366
0.058753
0.051785
0.056032
0.064532
0.063243
0.060334
0.058599
0.058173
0.060286
0.061348
0.059274
0.056814
0.061258
0.058848
0.061565
0.060026
0.060146
0.053683
0.060120
0.064168
0.059469
0.058280
0.054448
0.058292
0.052626
0.053186
0.066306
0.061460
0.053880
0.059683
0.063151
0.064349
0.050547
0.051977
0.064610
0.059970
0.053772
0.053173
0.068053
0.056932
0.059641
0.056063
0.050474
0.056489
0.058670
0.054701
0.062900
0.055794
0.048239
0.054429
0.061984
0.061265
0.052814
0.060244
0.054519
0.059145
0.057118
0.062660
0.056176
0.050855
0.057054
0.055837
0.057349
0.054556
0.063521
0.059089
0.055608
0.059368
0.059496
0.060468
0.051486
0.067696
0.053523
0.059179
0.059051
0.064444
0.054063
0.057073
0.052678
0.057069
0.051593
0.056870
0.063025
0.053741
0.052824
0.054934
0.050204
0.055746
0.069964
0.060702
0.052487
0.061830
0.052681
0.057998
0.062508
0.054353
0.060328
0.053763
0.062716
0.071158
0.066262
0.056911
0.058549
0.067483
0.064965
0.061735
0.062805
0.061298
0.054342
0.054169
0.057100
0.051932
0.056178
0.057234
0.064076
0.055855
0.054509
0.057071
0.057378
0.052458
0.055926
0.052813
0.063260
0.054841
0.059340
0.055572
0.054347
0.063947
0.058072
0.057142
0.061178
0.057992
0.051036
0.059494
0.062591
0.063974
0.058944
0.064468
0.059260
0.052806
0.051304
0.060321
0.068213
0.062078
0.054890
0.054069
0.058833
0.065431
0.071075
0.057827
0.058204
0.057877
0.052438
0.052981
0.051503
0.060501
0.061298
0.053222
0.062217
0.054733
0.059191
0.055857
0.059191
0.054033
0.066099
0.058162
0.055566
0.050684
0.054635
0.064015
0.052688
0.059000
0.058831
0.057051
0.058300
0.062471
0.059989
0.056108
0.056606
0.063164
0.058547
0.055863
0.053623
0.056321
0.058896
0.062332
0.053669
0.056912
0.059523
0.060553
0.060622
0.054696
0.054517
0.063119
0.058036
0.061324
0.057722
0.056892
0.055733
0.060607
0.066035
0.051843
0.053906
0.053716
0.061867
0.063632
0.060913
0.058619
0.051067
0.065041
0.060617
0.059262
0.062873
0.055388
0.050135
0.057816
0.053526
0.053283
0.060064
0.057064
0.053920
0.059300
0.060022
0.051597
0.060608
0.061649
0.064137
0.061227
0.055437
0.059409
0.050147
0.056600
0.061586
0.051510
0.055136
0.055221
0.055327
0.053975
0.058143
0.055892
0.060823
0.059921
0.052749
0.048040
0.053171
0.055155
0.057273
0.059387
0.065125
0.056410
0.063806
0.055184
0.057571
0.057674
0.056905
0.055101
0.065192
0.049962
0.054946
0.063454
0.058793
0.053863
0.060706
0.052071
0.058948
0.064716
0.055936
0.054266
0.062259
0.053365
0.054749
0.059205
0.049891
0.062228
0.060543
0.066304
0.057843
0.063886
0.059499
0.055025
0.058193
0.062970
0.058806
0.061815
0.055330
0.061926
0.061799
0.051895
0.061018
0.063673
0.065027
0.061837
0.057789
0.055164
0.055392
0.050269
0.060563
0.054323
0.055928
0.058390
0.054983
0.049785
0.061227
0.059969
0.058131
0.056119
0.055568
0.056101
0.055410
0.059297
0.061773
0.053611
0.052527
0.058138
0.051627
0.060171
0.050897
0.054662
0.051603
0.060196
0.059503
0.057678
0.051263
0.066626
0.055356
0.058467
0.049609
0.058607
0.052844
0.064796
0.064083
0.060443
0.060925
0.061419
0.056406
0.054786
0.059597
0.054123
0.061142
0.053749
0.057895
0.055059
0.051165
0.057985
0.050355
0.043070
0.057386
0.060036
0.060377
0.051907
0.060822
0.063039
0.054698
0.061160
0.056937
0.053911
0.062629
0.053438
0.066987
0.052956
0.060981
0.052596
0.060858
0.055100
0.056866
0.050653
0.058122
0.061763
0.059698
0.058679
0.058267
0.056529
0.068122
0.063159
0.062141
0.056580
0.052114
0.052699
0.059823
0.067485
0.054358
0.055126
0.053553
0.061977
0.051810
0.054979
0.054463
0.055259
0.064212
0.060719
0.062422
0.057610
0.056590
0.063935
0.052182
0.058094
0.057035
0.052499
0.058061
0.060743
0.058347
0.058965
0.055032
0.058789
0.065380
0.061842
0.058388
0.060884
0.052808
0.062855
0.051520
0.052467
0.059328
0.050791
0.054907
0.058598
0.055154
0.064224
0.060284
0.054686
0.064263
0.056672
0.057305
0.053211
0.049301
0.056657
0.051270
0.061229
0.052572
0.052383
0.054843
0.048283
0.058892
0.055010
0.055026
0.059006
0.052378
0.066864
0.051174
0.048964
0.061174
0.062832
0.057359
0.059663
0.050707
0.053218
0.063949
0.055476
0.062687
0.063135
0.051941
0.057314
0.066532
0.053515
0.056576
0.056645
0.047741
0.059358
0.059786
0.051491
0.059033
0.058217
0.058942
0.053407
0.065577
0.052698
0.059381
0.052346
0.064960
0.054811
0.060550
0.060894
0.065685
0.051535
0.062380
0.057108
0.060444
0.050652
0.056040
0.058761
0.057750
0.054079
0.051407
0.060065
0.060121
0.063124
0.065017
0.060136
0.057259
0.068339
0.054482
0.051858
0.047921
0.063429
0.056268
0.060152
0.057510
0.056354
0.065581
0.060117
0.054917
0.056660
0.057052
0.055128
0.063287
0.047606
0.062479
0.054065
0.066705
0.061588
0.055153
0.057031
0.059584
0.052727
0.050217
0.059249
0.048977
0.057260
0.055580
0.061403
0.058815
0.059877
0.061084
0.060143
0.063314
0.066253
0.058174
0.056998
0.060573
0.058206
0.054740
0.057792
0.055158
0.060507
0.061823
0.061741
0.051641
0.049501
0.052133
0.055969
0.053773
0.054714
0.055342
0.052573
0.049950
0.055795
0.058506
0.061202
0.054874
0.049886
0.064182
0.058070
0.053589
0.057405
0.061316
0.056350
0.058092
0.061195
0.049198
0.052290
0.050807
0.054573
0.051660
0.053649
0.058371
0.057770
0.066449
0.061535
0.057205
0.059966
0.052659
0.052472
0.058348
0.055800
0.054714
0.057036
0.052453
0.066436
0.054656
0.053348
0.057528
0.061351
0.052844
0.064127
0.055628
0.052221
0.054825
0.055461
0.058705
0.055795
0.056389
0.055620
0.059049
0.048580
0.057031
0.058126
0.053686
0.053650
0.050334
0.055181
0.054239
0.052026
0.058631
0.052313
0.058334
0.056136
0.055424
0.050493
0.060357
0.062630
0.062204
0.054328
0.054441
0.055345
0.051025
0.060131
0.056538
0.057979
0.054403
0.064755
0.059738
0.053753
0.054949
0.060190
0.056813
0.052808
0.056107
0.060877
0.054015
0.055668
0.058927
0.056644
0.065043
0.065847
0.059079
0.061006
0.056920
0.054292
0.054438
0.050146
0.049683
0.056032
0.051451
0.060588
0.057487
0.060577
0.064130
0.052996
0.053638
0.067568
0.055270
0.060048
0.065501
0.048373
0.055188
0.057010
0.063971
0.057802
0.053798
0.054637
0.063663
0.053023
0.066549
0.055375
0.060933
0.047247
0.050772
0.051463
0.058294
0.056794
0.060126
0.052525
0.059521
0.053291
0.053834
0.055175
0.054506
0.060738
0.049093
0.052179
0.057509
0.056374
0.050665
0.065800
0.057532
0.052853
0.050968
0.054857
0.060716
0.056089
0.056239
0.058539
0.054233
0.059490
0.054137
0.056138
0.067136
0.057283
0.060207
0.053604
0.056617
0.053712
0.051955
0.063838
0.054517
0.060699
0.055006
0.059527
0.065955
0.053741
0.052953
0.063464
0.058538
0.056723
0.053502
0.056025
0.056577
0.049816
0.062994
0.055711
0.053349
0.061485
0.056019
0.054824
0.049793
0.055701
0.053904
0.061490
0.050871
0.060334
0.051522
0.063039
0.055451
0.063026
0.063433
0.059673
0.055447
0.050902
0.051690
0.056768
0.057153
0.053072
0.051122
0.050109
0.072594
0.055322
0.057386
0.053296
0.062008
0.057630
0.047863
0.059595
0.057329
0.055197
0.052489
0.055294
0.059302
0.061773
0.060974
0.053091
0.057147
0.055157
0.058110
0.055196
0.055131
0.061670
0.052606
0.056996
0.053496
0.062801
0.058317
0.053920
0.060723
0.057338
0.053561
0.050103
0.056739
0.051768
0.058873
0.054504
0.054584
0.054092
0.058463
0.059237
0.058965
0.056320
0.053643
0.058424
0.066755
0.059788
0.051488
0.052040
0.055361
0.056915
0.055101
0.060187
0.065112
0.060928
0.055113
0.051970
0.066663
0.056326
0.052108
0.061936
0.054345
0.055306
0.050652
0.050037
0.049192
0.062989
0.057525
0.053876
0.051565
0.066435
0.053118
0.055272
0.050656
0.051046
0.059285
0.055799
0.061711
0.062592
0.051892
0.056310
0.063256
0.055015
0.059428
0.066317
0.055275
0.054154
0.059297
0.045942
0.054085
0.055923
0.056581
0.063697
0.051943
0.065666
0.051658
0.049558
0.050714
0.055498
0.057138
0.054244
0.059485
0.060241
0.063890
0.049672
0.060206
0.053276
0.051867
0.055783
0.056278
0.060172
0.056713
0.059225
0.058535
0.057781
0.056420
0.055705
0.049812
0.058426
0.051868
0.061386
0.058970
0.052122
0.062176
0.058726
0.054389
0.059394
0.061220
0.056626
0.055524
0.052905
0.055788
0.049791
0.058143
0.057124
0.058096
0.051370
0.060197
0.067332
0.053458
0.068640
0.055358
0.048649
0.056452
0.053105
0.062164
0.056689
0.049923
0.064477
0.057972
0.056808
0.060669
0.058505
0.056565
0.059326
0.059222
0.051117
0.054445
0.051803
0.055116
0.062732
0.053222
0.046085
0.054211
0.049782
0.059132
0.055755
0.057164
0.057620
0.062588
0.052884
0.057815
0.055812
0.057200
0.052056
0.057107
0.062601
0.057621
0.059034
0.056962
0.055832
0.058278
0.047409
0.049734
0.052512
0.057488
0.054582
0.054179
0.052797
0.053870
0.054780
0.063296
0.060811
0.048212
0.054034
0.055060
0.058482
0.055671
0.055713
0.054652
0.052419
0.065892
0.049161
0.055220
0.054742
0.054806
0.057234
0.056746
0.054829
0.057050
0.055965
0.050711
0.052453
0.049550
0.046902
0.064373
0.054617
0.057797
0.056846
0.057512
0.051618
0.052132
0.059098
0.056782
0.056405
0.054282
0.050456
0.056579
0.061185
0.060995
0.054297
0.056916
0.063363
0.058893
0.048743
0.051492
0.062048
0.051342
0.051860
0.054043
0.056243
0.061732
0.054425
0.055444
0.065000
0.057368
0.059804
0.058835
0.057942
0.054890
0.055247
0.060447
0.052666
0.055368
0.054828
0.059387
0.064684
0.057564
0.054992
0.057027
0.058839
0.053070
0.053279
0.049602
0.057923
0.062952
0.056331
0.067420
0.054117
0.059025
0.057380
0.060143
0.050242
0.061687
0.058621
0.059056
0.057322
0.063093
0.053125
0.055867
0.054661
0.050607
0.057184
0.054727
0.052763
0.054568
0.061098
0.059096
0.052907
0.053775
0.061111
0.049411
0.052551
0.052171
0.054173
0.056723
0.052848
0.056717
0.051042
0.065089
0.052057
0.057795
0.051113
0.055147
0.052989
0.070304
0.057877
0.054212
0.052231
0.053857
0.054471
0.057543
0.053999
0.057009
0.057839
0.063130
0.055508
0.053680
0.055450
0.065114
0.058046
0.058377
0.057402
0.059724
0.060384
0.061953
0.053868
0.052435
0.058609
0.051112
0.049524
0.055698
0.054390
0.057850
0.067084
0.059530
0.059977
0.055765
0.055752
0.052510
0.060025
0.054506
0.051300
0.052056
0.049922
0.055846
0.052599
0.056723
0.058659
0.059596
0.060910
0.054084
0.056993
0.054653
0.062574
0.055597
0.063845
0.051324
0.051821
0.052941
0.057926
0.056533
0.058204
0.053095
0.057235
0.054840
0.061091
0.058930
0.062724
0.051950
0.050516
0.062124
0.054539
0.054477
0.056692
0.046245
0.054295
0.059864
0.053239
0.050371
0.055787
0.055355
0.058498
0.056938
0.059280
0.054155
0.047498
0.051995
0.050765
0.052742
0.059837
0.061808
0.058181
0.069729
0.061584
0.054321
0.052172
0.056811
0.060232
0.049056
0.055781
0.055745
0.053651
0.058144
0.063495
0.061664
0.058871
0.050080
0.050802
0.050232
0.056997
0.057823
0.053051
0.060844
0.064206
0.061060
0.051199
0.050815
0.057359
0.056169
0.050734
0.058721
0.052343
0.061909
0.057244
0.050064
0.052839
0.053368
0.050332
0.062291
0.061909
0.054503
0.061581
0.051979
0.055028
0.057866
0.060999
0.059118
0.060121
0.052036
0.052496
0.055855
0.053455
0.062845
0.056518
0.050790
0.057336
0.054672
0.050314
0.053925
0.053592
0.058621
0.057246
0.057183
0.051573
0.057452
0.054208
0.063613
0.061190
0.053535
0.056898
